{"cpp": 0.0, "java": 0.0, "python": 0.0, "compiling_error": "../../data/apply_ops_empty_str/0.5/gpt_3.5_turbo/cppToJava/repeated/preprocessed/Solution19/Solution19.java:24: error: cannot find symbol\n                ans.append(String.valueOf((char)('a' + i)).repeat(freq[i] - maxi));\n                                                          ^\n  symbol:   method repeat(int)\n  location: class String\n../../data/apply_ops_empty_str/0.5/gpt_3.5_turbo/cppToJava/repeated/preprocessed/Solution19/Solution19.java:31: error: no suitable method found for sort(char[],Comparator<Character>)\n        Arrays.sort(ansArray, customComparator);\n              ^\n    method Arrays.<T#1>sort(T#1[],Comparator<? super T#1>) is not applicable\n      (inference variable T#1 has incompatible bounds\n        equality constraints: char\n        upper bounds: Character,Object)\n    method Arrays.<T#2>sort(T#2[],int,int,Comparator<? super T#2>) is not applicable\n      (cannot infer type-variable(s) T#2\n        (actual and formal argument lists differ in length))\n  where T#1,T#2 are type-variables:\n    T#1 extends Object declared in method <T#1>sort(T#1[],Comparator<? super T#1>)\n    T#2 extends Object declared in method <T#2>sort(T#2[],int,int,Comparator<? super T#2>)\nNote: Some messages have been simplified; recompile with -Xdiags:verbose to get full output\n2 errors\n"}