{
    "Solution7": {
        "cpp": 0.0,
        "java": 0.0,
        "python": 0.0,
        "compiling_error": "../../data/apply_ops_empty_str/0.5/gpt_3.5_turbo/cppToJava/repeated/preprocessed/Solution7/Solution7.java:26: error: ')' expected\n                ans.append(String.join(\"\", Collections.nCopies(freq[i] - maxi, String.valueOf((char) ('a' + i))));\n                                                                                                                 ^\n1 error\n"
    },
    "Solution9": {
        "cpp": 0.0,
        "java": 0.0,
        "python": 0.0,
        "compiling_error": "../../data/apply_ops_empty_str/0.5/gpt_3.5_turbo/cppToJava/repeated/preprocessed/Solution9/Solution9.java:27: error: unclosed character literal\n        Comparator<Character> customComparator = (a, b) -> last[a - 'a'] - last[b - 'a];\n                                                                                    ^\n../../data/apply_ops_empty_str/0.5/gpt_3.5_turbo/cppToJava/repeated/preprocessed/Solution9/Solution9.java:27: error: ';' expected\n        Comparator<Character> customComparator = (a, b) -> last[a - 'a'] - last[b - 'a];\n                                                                                      ^\n2 errors\n"
    },
    "Solution3": {
        "cpp": 0.0,
        "java": 0.0,
        "python": 0.0,
        "compiling_error": "../../data/apply_ops_empty_str/0.5/gpt_3.5_turbo/cppToJava/repeated/preprocessed/Solution3/Solution3.java:24: error: cannot find symbol\n                ans.append(String.valueOf((char)('a' + i)).repeat(Math.max(0, freq[i] - maxi)));\n                                                          ^\n  symbol:   method repeat(int)\n  location: class String\n1 error\n"
    },
    "Solution11": {
        "cpp": 0.0,
        "java": 0.0,
        "python": 0.0,
        "compiling_error": "../../data/apply_ops_empty_str/0.5/gpt_3.5_turbo/cppToJava/repeated/preprocessed/Solution11/Solution11.java:28: error: unclosed character literal\n        Comparator<Character> customComparator = (a, b) -> last[a - 'a'] - last[b - 'a];\n                                                                                    ^\n../../data/apply_ops_empty_str/0.5/gpt_3.5_turbo/cppToJava/repeated/preprocessed/Solution11/Solution11.java:28: error: ';' expected\n        Comparator<Character> customComparator = (a, b) -> last[a - 'a'] - last[b - 'a];\n                                                                                      ^\n2 errors\n"
    },
    "Solution14": {
        "cpp": 0.0,
        "java": 0.0,
        "python": 0.0,
        "compiling_error": "../../data/apply_ops_empty_str/0.5/gpt_3.5_turbo/cppToJava/repeated/preprocessed/Solution14/Solution14.java:36: error: unclosed character literal\n            return last[a - 'a'] - last[b - 'a];\n                                            ^\n../../data/apply_ops_empty_str/0.5/gpt_3.5_turbo/cppToJava/repeated/preprocessed/Solution14/Solution14.java:36: error: ';' expected\n            return last[a - 'a'] - last[b - 'a];\n                                              ^\n../../data/apply_ops_empty_str/0.5/gpt_3.5_turbo/cppToJava/repeated/preprocessed/Solution14/Solution14.java:42: error: unclosed character literal\n            return last[a - 'a'] - last[b - 'a];\n                                            ^\n../../data/apply_ops_empty_str/0.5/gpt_3.5_turbo/cppToJava/repeated/preprocessed/Solution14/Solution14.java:42: error: ';' expected\n            return last[a - 'a'] - last[b - 'a];\n                                              ^\n4 errors\n"
    },
    "Solution5": {
        "cpp": 0.0,
        "java": 0.0,
        "python": 0.0,
        "compiling_error": "../../data/apply_ops_empty_str/0.5/gpt_3.5_turbo/cppToJava/repeated/preprocessed/Solution5/Solution5.java:27: error: cannot find symbol\n                ans.append(String.valueOf((char)('a' + i)).repeat(freq[i] - maxi));\n                                                          ^\n  symbol:   method repeat(int)\n  location: class String\n../../data/apply_ops_empty_str/0.5/gpt_3.5_turbo/cppToJava/repeated/preprocessed/Solution5/Solution5.java:35: error: no suitable method found for sort(char[],Comparator<Character>)\n        Arrays.sort(ansArray, customComparator);\n              ^\n    method Arrays.<T#1>sort(T#1[],Comparator<? super T#1>) is not applicable\n      (inference variable T#1 has incompatible bounds\n        equality constraints: char\n        upper bounds: Character,Object)\n    method Arrays.<T#2>sort(T#2[],int,int,Comparator<? super T#2>) is not applicable\n      (cannot infer type-variable(s) T#2\n        (actual and formal argument lists differ in length))\n  where T#1,T#2 are type-variables:\n    T#1 extends Object declared in method <T#1>sort(T#1[],Comparator<? super T#1>)\n    T#2 extends Object declared in method <T#2>sort(T#2[],int,int,Comparator<? super T#2>)\nNote: Some messages have been simplified; recompile with -Xdiags:verbose to get full output\n2 errors\n"
    },
    "Solution12": {
        "cpp": 0.0,
        "java": 0.0,
        "python": 0.0,
        "compiling_error": "../../data/apply_ops_empty_str/0.5/gpt_3.5_turbo/cppToJava/repeated/preprocessed/Solution12/Solution12.java:23: error: cannot find symbol\n                ans.append(String.valueOf((char)('a' + i)).repeat(freq[i] - maxi));\n                                                          ^\n  symbol:   method repeat(int)\n  location: class String\n1 error\n"
    },
    "Solution18": {
        "cpp": 0.0,
        "java": 0.0,
        "python": 0.0,
        "compiling_error": "../../data/apply_ops_empty_str/0.5/gpt_3.5_turbo/cppToJava/repeated/preprocessed/Solution18/Solution18.java:28: error: unclosed character literal\n        Comparator<Character> customComparator = (a, b) -> last[a - 'a'] - last[b - 'a];\n                                                                                    ^\n../../data/apply_ops_empty_str/0.5/gpt_3.5_turbo/cppToJava/repeated/preprocessed/Solution18/Solution18.java:28: error: ';' expected\n        Comparator<Character> customComparator = (a, b) -> last[a - 'a'] - last[b - 'a];\n                                                                                      ^\n2 errors\n"
    },
    "Solution13": {
        "cpp": 0.0,
        "java": 0.0,
        "python": 0.0,
        "compiling_error": "../../data/apply_ops_empty_str/0.5/gpt_3.5_turbo/cppToJava/repeated/preprocessed/Solution13/Solution13.java:24: error: cannot find symbol\n                ans.append(String.valueOf((char) ('a' + i)).repeat(freq[i] - maxi));\n                                                           ^\n  symbol:   method repeat(int)\n  location: class String\n1 error\n"
    },
    "Solution8": {
        "cpp": 0.0,
        "java": 0.0,
        "python": 0.0,
        "compiling_error": "../../data/apply_ops_empty_str/0.5/gpt_3.5_turbo/cppToJava/repeated/preprocessed/Solution8/Solution8.java:25: error: cannot find symbol\n                ans.append(String.valueOf((char)('a' + i)).repeat(Math.max(0, freq[i] - maxi)));\n                                                          ^\n  symbol:   method repeat(int)\n  location: class String\n../../data/apply_ops_empty_str/0.5/gpt_3.5_turbo/cppToJava/repeated/preprocessed/Solution8/Solution8.java:32: error: no suitable method found for sort(char[],Comparator<Character>)\n        Arrays.sort(ansArr, customComparator);\n              ^\n    method Arrays.<T#1>sort(T#1[],Comparator<? super T#1>) is not applicable\n      (inference variable T#1 has incompatible bounds\n        equality constraints: char\n        upper bounds: Character,Object)\n    method Arrays.<T#2>sort(T#2[],int,int,Comparator<? super T#2>) is not applicable\n      (cannot infer type-variable(s) T#2\n        (actual and formal argument lists differ in length))\n  where T#1,T#2 are type-variables:\n    T#1 extends Object declared in method <T#1>sort(T#1[],Comparator<? super T#1>)\n    T#2 extends Object declared in method <T#2>sort(T#2[],int,int,Comparator<? super T#2>)\nNote: Some messages have been simplified; recompile with -Xdiags:verbose to get full output\n2 errors\n"
    },
    "Solution19": {
        "cpp": 0.0,
        "java": 0.0,
        "python": 0.0,
        "compiling_error": "../../data/apply_ops_empty_str/0.5/gpt_3.5_turbo/cppToJava/repeated/preprocessed/Solution19/Solution19.java:24: error: cannot find symbol\n                ans.append(String.valueOf((char)('a' + i)).repeat(freq[i] - maxi));\n                                                          ^\n  symbol:   method repeat(int)\n  location: class String\n../../data/apply_ops_empty_str/0.5/gpt_3.5_turbo/cppToJava/repeated/preprocessed/Solution19/Solution19.java:31: error: no suitable method found for sort(char[],Comparator<Character>)\n        Arrays.sort(ansArray, customComparator);\n              ^\n    method Arrays.<T#1>sort(T#1[],Comparator<? super T#1>) is not applicable\n      (inference variable T#1 has incompatible bounds\n        equality constraints: char\n        upper bounds: Character,Object)\n    method Arrays.<T#2>sort(T#2[],int,int,Comparator<? super T#2>) is not applicable\n      (cannot infer type-variable(s) T#2\n        (actual and formal argument lists differ in length))\n  where T#1,T#2 are type-variables:\n    T#1 extends Object declared in method <T#1>sort(T#1[],Comparator<? super T#1>)\n    T#2 extends Object declared in method <T#2>sort(T#2[],int,int,Comparator<? super T#2>)\nNote: Some messages have been simplified; recompile with -Xdiags:verbose to get full output\n2 errors\n"
    },
    "Solution2": {
        "cpp": 0.0,
        "java": 0.0,
        "python": 0.0,
        "compiling_error": "../../data/apply_ops_empty_str/0.5/gpt_3.5_turbo/cppToJava/repeated/preprocessed/Solution2/Solution2.java:23: error: ')' expected\n                ans.append(String.join(\"\", Collections.nCopies(freq[i] - maxi, String.valueOf((char) ('a' + i))));\n                                                                                                                 ^\n1 error\n"
    },
    "Solution6": {
        "cpp": 0.0,
        "java": 0.0,
        "python": 0.0,
        "compiling_error": "../../data/apply_ops_empty_str/0.5/gpt_3.5_turbo/cppToJava/repeated/preprocessed/Solution6/Solution6.java:27: error: unclosed character literal\n        Comparator<Character> customComparator = (a, b) -> last[a - 'a'] - last[b - 'a];\n                                                                                    ^\n../../data/apply_ops_empty_str/0.5/gpt_3.5_turbo/cppToJava/repeated/preprocessed/Solution6/Solution6.java:27: error: ';' expected\n        Comparator<Character> customComparator = (a, b) -> last[a - 'a'] - last[b - 'a];\n                                                                                      ^\n2 errors\n"
    },
    "Solution4": {
        "cpp": 0.0,
        "java": 0.0,
        "python": 0.0,
        "compiling_error": "../../data/apply_ops_empty_str/0.5/gpt_3.5_turbo/cppToJava/repeated/preprocessed/Solution4/Solution4.java:24: error: ')' expected\n                ans.append(String.join(\"\", Collections.nCopies(freq[i] - maxi, String.valueOf((char) ('a' + i))));\n                                                                                                                 ^\n1 error\n"
    },
    "Solution1": {
        "cpp": 0.0,
        "java": 0.0,
        "python": 0.0,
        "compiling_error": "../../data/apply_ops_empty_str/0.5/gpt_3.5_turbo/cppToJava/repeated/preprocessed/Solution1/Solution1.java:22: error: cannot find symbol\n                ans.append(String.valueOf((char)('a' + i)).repeat(freq[i] - maxi));\n                                                          ^\n  symbol:   method repeat(int)\n  location: class String\n1 error\n"
    },
    "Solution10": {
        "cpp": 0.0,
        "java": 0.0,
        "python": 0.0,
        "compiling_error": "../../data/apply_ops_empty_str/0.5/gpt_3.5_turbo/cppToJava/repeated/preprocessed/Solution10/Solution10.java:28: error: unclosed character literal\n        Comparator<Character> customComparator = (a, b) -> last[a - 'a'] - last[b - 'a];\n                                                                                    ^\n../../data/apply_ops_empty_str/0.5/gpt_3.5_turbo/cppToJava/repeated/preprocessed/Solution10/Solution10.java:28: error: ';' expected\n        Comparator<Character> customComparator = (a, b) -> last[a - 'a'] - last[b - 'a];\n                                                                                      ^\n2 errors\n"
    },
    "Solution15": {
        "cpp": 0.0,
        "java": 0.0,
        "python": 0.0,
        "compiling_error": "../../data/apply_ops_empty_str/0.5/gpt_3.5_turbo/cppToJava/repeated/preprocessed/Solution15/Solution15.java:27: error: cannot find symbol\n                ans.append(String.valueOf((char)('a' + i)).repeat(freq[i] - maxi));\n                                                          ^\n  symbol:   method repeat(int)\n  location: class String\n../../data/apply_ops_empty_str/0.5/gpt_3.5_turbo/cppToJava/repeated/preprocessed/Solution15/Solution15.java:35: error: no suitable method found for sort(char[],Comparator<Character>)\n        Arrays.sort(chars, customComparator);\n              ^\n    method Arrays.<T#1>sort(T#1[],Comparator<? super T#1>) is not applicable\n      (inference variable T#1 has incompatible bounds\n        equality constraints: char\n        upper bounds: Character,Object)\n    method Arrays.<T#2>sort(T#2[],int,int,Comparator<? super T#2>) is not applicable\n      (cannot infer type-variable(s) T#2\n        (actual and formal argument lists differ in length))\n  where T#1,T#2 are type-variables:\n    T#1 extends Object declared in method <T#1>sort(T#1[],Comparator<? super T#1>)\n    T#2 extends Object declared in method <T#2>sort(T#2[],int,int,Comparator<? super T#2>)\nNote: Some messages have been simplified; recompile with -Xdiags:verbose to get full output\n2 errors\n"
    },
    "Solution17": {
        "cpp": 0.0,
        "java": 0.0,
        "python": 0.0,
        "compiling_error": "../../data/apply_ops_empty_str/0.5/gpt_3.5_turbo/cppToJava/repeated/preprocessed/Solution17/Solution17.java:26: error: unclosed character literal\n        var customComparator = (char a, char b) -> last[a - 'a'] - last[b - 'a];\n                                                                            ^\n../../data/apply_ops_empty_str/0.5/gpt_3.5_turbo/cppToJava/repeated/preprocessed/Solution17/Solution17.java:26: error: ';' expected\n        var customComparator = (char a, char b) -> last[a - 'a'] - last[b - 'a];\n                                                                              ^\n2 errors\n"
    },
    "Solution16": {
        "cpp": 0.0,
        "java": 0.0,
        "python": 0.0,
        "compiling_error": "../../data/apply_ops_empty_str/0.5/gpt_3.5_turbo/cppToJava/repeated/preprocessed/Solution16/Solution16.java:27: error: cannot find symbol\n                ans.append(String.valueOf((char)('a' + i)).repeat(Math.max(0, freq[i] - maxi)));\n                                                          ^\n  symbol:   method repeat(int)\n  location: class String\n1 error\n"
    },
    "Solution20": {
        "cpp": 0.0,
        "java": 0.0,
        "python": 0.0,
        "compiling_error": "../../data/apply_ops_empty_str/0.5/gpt_3.5_turbo/cppToJava/repeated/preprocessed/Solution20/Solution20.java:28: error: unclosed character literal\n        Comparator<Character> customComparator = (a, b) -> last[a - 'a'] - last[b - 'a];\n                                                                                    ^\n../../data/apply_ops_empty_str/0.5/gpt_3.5_turbo/cppToJava/repeated/preprocessed/Solution20/Solution20.java:28: error: ';' expected\n        Comparator<Character> customComparator = (a, b) -> last[a - 'a'] - last[b - 'a];\n                                                                                      ^\n2 errors\n"
    }
}